 CH4 SAMPLING                                                            
 TRAJECTORY CALCULATION                                                  

 Fri Mar  8 22:09:58 2024      

 NUMBER OF ATOMS=   5
 NUMBER OF HARMONIC STRETCHES=   0
 NUMBER OF MORSE STRETCHES=   0
 NUMBER OF HARMONIC BENDS=   0
 NUMBER OF ALPHA BENDS=   0
 NUMBER OF LENNARD-JONES INTERACTIONS=   0
 NUMBER OF TORSIONS=   0
 NUMBER OF REPULSIONS=   0
 NUMBER OF GHOST PAIRS=   0
 NUMBER OF TETRAHEDRAL CENTERS=   0
 NUMBER OF R-R COUPLINGS=   0
 NUMBER OF R-THETA COUPLINGS=   0
 NUMBER OF THETA-THETA COUPLINGS=   0
 NUMBER OF DIHEDRAL ANGLES=   0
 NUMBER OF AXILROD-TELLER THREE-BODY INTERACTIONS=   0
 CHOICE OF SN2 POTENTIALS=   1
 NUMBER OF RYDBERG POTENTIAL FUNCTIONS=   0
 NUMBER OF HARTREE-FOCK DISPERSION FUNCTIONS=   0
 NUMBER OF GENERALIZED LEPS(A) FUNCTIONS=   0
 NUMBER OF GENERALIZED LEPS(B) FUNCTIONS=   0
 CHOICE OF DMBE POTENTIAL ENERGY SURFACE=   0


   VZERO=   0.000 KCAL/MOLE


   MASSES OF ATOMS:  5 ATOMS

   12.01100    1.00800    1.00800    1.00800    1.00800


                            NSELT =  2

                      TRAJECTORY CALCULATIONS
              INITIAL CONDITIONS ARE CHOSEN RANDOMLY


   NT=    1  NS=    100000  NIP=       100  NCROT=   100
   ISEED=   998779049  TIME=  0.01000


   HINC= 0.001000     NPTS= 2


   PARAMETERS FOR REACTANT A
   ACTIVATE WITH A BOLTZMANN DISTRIBUTION OF VIBRATIONAL ENERGIES
     EQUILIBRIUM COORDINATES FOR A:
         0.000000      0.000000      0.000000
         0.630000      0.630000      0.630000
        -0.630000     -0.630000      0.630000
         0.630000     -0.630000     -0.630000
        -0.630000      0.630000     -0.630000
     VIBRATIONAL TEMPERATURE=  290.0
     NROT= 1     TROT=   290.00
     MOMENTS OF INERTIA IX, IY AND IZ(AMU-A**2):    3.201    3.201    3.201
     MPLOT= 0  NPLOT=  0  NLM=  0  MNTR=  0


   NUMBER OF ADDITIONAL REACTION PATHS= 0

   NFQP= 1  NCOOR=  1

   NFR= 1      NUMR= 4

      J-ATOM=   1    K-ATOM=   2
      J-ATOM=   1    K-ATOM=   3
      J-ATOM=   1    K-ATOM=   4
      J-ATOM=   1    K-ATOM=   5


   NFB= 1      NUMB= 6

      J-ATOM=   2    M-ATOM=   3    I-ATOM=   1
      J-ATOM=   2    M-ATOM=   4    I-ATOM=   1
      J-ATOM=   2    M-ATOM=   5    I-ATOM=   1
      J-ATOM=   3    M-ATOM=   4    I-ATOM=   1
      J-ATOM=   3    M-ATOM=   5    I-ATOM=   1
      J-ATOM=   4    M-ATOM=   5    I-ATOM=   1


   NFA= 0      NUMA= 0
   NFTAU= 0    NUMTAU= 0
   NFTET= 0    NUMTET= 0
   NFDH= 0     NUMDH= 0



 INITIATING A RANDOM NUMBER SEQUENCE - INPUTTED ISEED IN BASE 10 =  998779049

 ISEED3 = 2 * ISEED + 1
 IN BASE 256 (I.E. BASE 2**8) =    0   0   0   0 119  16  81  83

     SAVE RANDOM NUMBER SEQUENCE IN UNIT 50
     NEXT SEED IS  198 217   3  61 195  44 243 179

          REACTANT A

                   NORMAL MODES AND VIBRATIONAL FREQUENCIES (CM-1)


             1           2           3           4           5           6


       0.3028E+00  0.1485E+00  0.2874E+00  0.9321E+02  0.9322E+02  0.9326E+02


  1     0.129009    0.213759   -0.002300    0.000001    0.000003    0.000001
  2     0.202431   -0.123022   -0.078921   -0.000002    0.000002   -0.000002
  3     0.068699   -0.038913    0.236870    0.000008   -0.000003   -0.000001
  4     0.128946    0.213666   -0.002314    0.313107   -0.383945   -0.051253
  5     0.202329   -0.122973   -0.078886    0.178885    0.460776    0.061375
  6     0.068663   -0.038898    0.236784   -0.492016   -0.076834   -0.010124
  7     0.129002    0.213730   -0.002305    0.223608    0.125377    0.426875
  8     0.202413   -0.123003   -0.078924    0.268118   -0.048589   -0.416770
  9     0.068665   -0.038900    0.236751    0.492037    0.076826    0.010111
 10     0.128942    0.213659   -0.002278   -0.313113    0.383948    0.051254
 11     0.202418   -0.123008   -0.078899   -0.268131    0.048594    0.416767
 12     0.068691   -0.038904    0.236844   -0.044806    0.335139   -0.365544
 13     0.128999    0.213738   -0.002301   -0.223615   -0.125374   -0.426874
 14     0.202338   -0.122963   -0.078886   -0.178898   -0.460772   -0.061378
 15     0.068702   -0.038907    0.236835    0.044826   -0.335147    0.365531


             7           8           9          10          11          12


       0.1230E+04  0.1231E+04  0.1231E+04  0.1405E+04  0.1405E+04  0.2821E+04


  1    -0.062408    0.065876    0.061030    0.000001   -0.000046   -0.000047
  2    -0.063744    0.019825   -0.086618    0.000038    0.000024   -0.000047
  3    -0.063222   -0.085021    0.027090   -0.000036    0.000022   -0.000065
  4    -0.081702   -0.333730   -0.307359    0.005231   -0.406373    0.288120
  5    -0.074896   -0.099417    0.443864    0.349321    0.207731    0.288120
  6    -0.077553    0.434021   -0.134658   -0.354578    0.198660    0.288101
  7     0.184860    0.024777   -0.421305   -0.005010    0.406665   -0.287371
  8     0.191646    0.258911    0.329424   -0.349422   -0.208090   -0.287371
  9     0.454324    0.073043   -0.026886   -0.354804    0.198787    0.287419
 10     0.453601   -0.059151   -0.056638    0.005247   -0.406659    0.287350
 11     0.188243   -0.376985    0.186390   -0.349666   -0.207675   -0.287283
 12     0.185568    0.156114   -0.391779    0.354909   -0.198577   -0.287279
 13     0.187076   -0.417068    0.057884   -0.005473    0.406657   -0.287283
 14     0.454773   -0.018803    0.072718    0.349556    0.207866    0.287350
 15     0.191206    0.350188    0.230436    0.354690   -0.198999   -0.287279


            13          14          15


       0.2979E+04  0.2980E+04  0.2980E+04


  1    -0.055098    0.037740    0.067057
  2    -0.055072    0.038289   -0.066766
  3    -0.053776   -0.077872   -0.000330
  4     0.469978   -0.001096   -0.011003
  5     0.469973   -0.001187    0.011173
  6     0.469725    0.018061    0.000164
  7     0.168167   -0.439408   -0.012894
  8     0.168162   -0.439499    0.009352
  9    -0.149948    0.445771    0.001800
 10    -0.142316   -0.223811   -0.388489
 11     0.160739    0.211312    0.388683
 12     0.160524    0.230624    0.377640
 13     0.160887    0.214493   -0.386876
 14    -0.142464   -0.226992    0.386586
 15     0.160668    0.233714   -0.375672




          SELECT:NORMAL MODE QUANTUM NUMBERS
                     0.00      0.00      0.00      0.00      0.00      0.00      0.00      0.00      0.00

          SELECT: EROTA =  0.864 KCAL/MOL
          JX,JY,JZ = -0.43742D+01 -0.43742D+01  0.43742D+01 H-BAR

  A-B INTERACTION ENERGY WHEN ENTERING INITQP =   0.170372100D+00 KCAL/MOL

               INTERNAL ENERGY =   0.265693194D+02 KCAL/MOL
               INTERNAL ENERGY =   0.269567377D+02 KCAL/MOL

          CHOSEN:  EROT =  1.006 KCAL/MOL
          JX,JY,JZ = -0.43742D+01 -0.43742D+01  0.43742D+01 H-BAR

               INTERNAL ENERGY =   0.269567377D+02 KCAL/MOL

 XXXXXXXXXXXXXXXXXXXXXXXX TRAJECTORY NUMBER    1 XXXXXXXXXXXXXXXXXXXXXXXXX
  THE CYCLE COUNT IS:             0                TIME:       0.000
  THE CURRENT RANDOM NUMBER IS:  198 217   3  61 195  44 243 179 BASE 256
  KINETIC ENERGY:   0.179855220D+02    POTENTIAL ENERGY:  0.914158776D+01
  TOTAL ENERGY:     0.271271098D+02
                   Q                                     P
  -0.007487    0.012000    0.008783      1.129891    1.038542   -0.252287
   0.696073    0.578974    0.508322     -0.178979   -0.393560    0.165661
  -0.691155   -0.667143    0.564629     -0.379254   -0.391604    0.359510
   0.668675   -0.583392   -0.600310     -0.037364    0.034417    0.227672
  -0.584384    0.528573   -0.577294     -0.534293   -0.287796   -0.500557
     ATOMS       BOND LENGTH(A)
     1   2            1.032
     1   3            1.112
     1   4            1.088
     1   5            0.971
     ATOMS       ANGLE (DEGREES)
    2  1  3         120.815
    2  1  4          98.508
    2  1  5         113.871
    3  1  4         109.130
    3  1  5         105.141
    4  1  5         108.818


